Analysis & Synthesis report for cpu_3_sevenseg
Fri Jan 29 08:36:56 2021
Quartus Prime Version 20.1.1 Build 720 11/11/2020 SJ Lite Edition


---------------------
; Table of Contents ;
---------------------
  1. Legal Notice
  2. Analysis & Synthesis Summary
  3. Analysis & Synthesis Settings
  4. Parallel Compilation
  5. Analysis & Synthesis Source Files Read
  6. Analysis & Synthesis Resource Usage Summary
  7. Analysis & Synthesis Resource Utilization by Entity
  8. Registers Removed During Synthesis
  9. General Register Statistics
 10. Multiplexer Restructuring Statistics (Restructuring Performed)
 11. Parameter Settings for User Entity Instance: Top-level Entity: |cpu_3_sevenseg
 12. Parameter Settings for User Entity Instance: register:r3
 13. Parameter Settings for User Entity Instance: buffer:b1
 14. Parameter Settings for User Entity Instance: sequencer:s1
 15. Parameter Settings for User Entity Instance: ir:i1
 16. Parameter Settings for User Entity Instance: pc:p1
 17. Parameter Settings for User Entity Instance: alu:a1
 18. Parameter Settings for User Entity Instance: ram:r1
 19. Parameter Settings for User Entity Instance: rom:r2
 20. Parameter Settings for Inferred Entity Instance: twodigit:d0|lpm_divide:Mod0
 21. Parameter Settings for Inferred Entity Instance: twodigit:d0|lpm_divide:Div0
 22. Port Connectivity Checks: "twodigit:d0"
 23. Post-Synthesis Netlist Statistics for Top Partition
 24. Elapsed Time Per Partition
 25. Analysis & Synthesis Messages



----------------
; Legal Notice ;
----------------
Copyright (C) 2020  Intel Corporation. All rights reserved.
Your use of Intel Corporation's design tools, logic functions 
and other software and tools, and any partner logic 
functions, and any output files from any of the foregoing 
(including device programming or simulation files), and any 
associated documentation or information are expressly subject 
to the terms and conditions of the Intel Program License 
Subscription Agreement, the Intel Quartus Prime License Agreement,
the Intel FPGA IP License Agreement, or other applicable license
agreement, including, without limitation, that your use is for
the sole purpose of programming logic devices manufactured by
Intel and sold by Intel or its authorized distributors.  Please
refer to the applicable agreement for further details, at
https://fpgasoftware.intel.com/eula.



+----------------------------------------------------------------------------------+
; Analysis & Synthesis Summary                                                     ;
+------------------------------------+---------------------------------------------+
; Analysis & Synthesis Status        ; Successful - Fri Jan 29 08:36:56 2021       ;
; Quartus Prime Version              ; 20.1.1 Build 720 11/11/2020 SJ Lite Edition ;
; Revision Name                      ; cpu_3_sevenseg                              ;
; Top-level Entity Name              ; cpu_3_sevenseg                              ;
; Family                             ; MAX 10                                      ;
; Total logic elements               ; 481                                         ;
;     Total combinational functions  ; 313                                         ;
;     Dedicated logic registers      ; 193                                         ;
; Total registers                    ; 193                                         ;
; Total pins                         ; 32                                          ;
; Total virtual pins                 ; 0                                           ;
; Total memory bits                  ; 0                                           ;
; Embedded Multiplier 9-bit elements ; 0                                           ;
; Total PLLs                         ; 0                                           ;
; UFM blocks                         ; 0                                           ;
; ADC blocks                         ; 0                                           ;
+------------------------------------+---------------------------------------------+


+------------------------------------------------------------------------------------------------------------+
; Analysis & Synthesis Settings                                                                              ;
+------------------------------------------------------------------+--------------------+--------------------+
; Option                                                           ; Setting            ; Default Value      ;
+------------------------------------------------------------------+--------------------+--------------------+
; Device                                                           ; 10M50DAF484C7G     ;                    ;
; Top-level entity name                                            ; cpu_3_sevenseg     ; cpu_3_sevenseg     ;
; Family name                                                      ; MAX 10             ; Cyclone V          ;
; Use smart compilation                                            ; Off                ; Off                ;
; Enable parallel Assembler and Timing Analyzer during compilation ; On                 ; On                 ;
; Enable compact report table                                      ; Off                ; Off                ;
; Restructure Multiplexers                                         ; Auto               ; Auto               ;
; Create Debugging Nodes for IP Cores                              ; Off                ; Off                ;
; Preserve fewer node names                                        ; On                 ; On                 ;
; Intel FPGA IP Evaluation Mode                                    ; Enable             ; Enable             ;
; Verilog Version                                                  ; Verilog_2001       ; Verilog_2001       ;
; VHDL Version                                                     ; VHDL_1993          ; VHDL_1993          ;
; State Machine Processing                                         ; Auto               ; Auto               ;
; Safe State Machine                                               ; Off                ; Off                ;
; Extract Verilog State Machines                                   ; On                 ; On                 ;
; Extract VHDL State Machines                                      ; On                 ; On                 ;
; Ignore Verilog initial constructs                                ; Off                ; Off                ;
; Iteration limit for constant Verilog loops                       ; 5000               ; 5000               ;
; Iteration limit for non-constant Verilog loops                   ; 250                ; 250                ;
; Add Pass-Through Logic to Inferred RAMs                          ; On                 ; On                 ;
; Infer RAMs from Raw Logic                                        ; On                 ; On                 ;
; Parallel Synthesis                                               ; On                 ; On                 ;
; DSP Block Balancing                                              ; Auto               ; Auto               ;
; NOT Gate Push-Back                                               ; On                 ; On                 ;
; Power-Up Don't Care                                              ; On                 ; On                 ;
; Remove Redundant Logic Cells                                     ; Off                ; Off                ;
; Remove Duplicate Registers                                       ; On                 ; On                 ;
; Ignore CARRY Buffers                                             ; Off                ; Off                ;
; Ignore CASCADE Buffers                                           ; Off                ; Off                ;
; Ignore GLOBAL Buffers                                            ; Off                ; Off                ;
; Ignore ROW GLOBAL Buffers                                        ; Off                ; Off                ;
; Ignore LCELL Buffers                                             ; Off                ; Off                ;
; Ignore SOFT Buffers                                              ; On                 ; On                 ;
; Limit AHDL Integers to 32 Bits                                   ; Off                ; Off                ;
; Optimization Technique                                           ; Balanced           ; Balanced           ;
; Carry Chain Length                                               ; 70                 ; 70                 ;
; Auto Carry Chains                                                ; On                 ; On                 ;
; Auto Open-Drain Pins                                             ; On                 ; On                 ;
; Perform WYSIWYG Primitive Resynthesis                            ; Off                ; Off                ;
; Auto ROM Replacement                                             ; On                 ; On                 ;
; Auto RAM Replacement                                             ; On                 ; On                 ;
; Auto DSP Block Replacement                                       ; On                 ; On                 ;
; Auto Shift Register Replacement                                  ; Auto               ; Auto               ;
; Allow Shift Register Merging across Hierarchies                  ; Auto               ; Auto               ;
; Auto Clock Enable Replacement                                    ; On                 ; On                 ;
; Strict RAM Replacement                                           ; Off                ; Off                ;
; Allow Synchronous Control Signals                                ; On                 ; On                 ;
; Force Use of Synchronous Clear Signals                           ; Off                ; Off                ;
; Auto RAM Block Balancing                                         ; On                 ; On                 ;
; Auto RAM to Logic Cell Conversion                                ; Off                ; Off                ;
; Auto Resource Sharing                                            ; Off                ; Off                ;
; Allow Any RAM Size For Recognition                               ; Off                ; Off                ;
; Allow Any ROM Size For Recognition                               ; Off                ; Off                ;
; Allow Any Shift Register Size For Recognition                    ; Off                ; Off                ;
; Use LogicLock Constraints during Resource Balancing              ; On                 ; On                 ;
; Ignore translate_off and synthesis_off directives                ; Off                ; Off                ;
; Timing-Driven Synthesis                                          ; On                 ; On                 ;
; Report Parameter Settings                                        ; On                 ; On                 ;
; Report Source Assignments                                        ; On                 ; On                 ;
; Report Connectivity Checks                                       ; On                 ; On                 ;
; Ignore Maximum Fan-Out Assignments                               ; Off                ; Off                ;
; Synchronization Register Chain Length                            ; 2                  ; 2                  ;
; Power Optimization During Synthesis                              ; Normal compilation ; Normal compilation ;
; HDL message level                                                ; Level2             ; Level2             ;
; Suppress Register Optimization Related Messages                  ; Off                ; Off                ;
; Number of Removed Registers Reported in Synthesis Report         ; 5000               ; 5000               ;
; Number of Swept Nodes Reported in Synthesis Report               ; 5000               ; 5000               ;
; Number of Inverted Registers Reported in Synthesis Report        ; 100                ; 100                ;
; Clock MUX Protection                                             ; On                 ; On                 ;
; Auto Gated Clock Conversion                                      ; Off                ; Off                ;
; Block Design Naming                                              ; Auto               ; Auto               ;
; SDC constraint protection                                        ; Off                ; Off                ;
; Synthesis Effort                                                 ; Auto               ; Auto               ;
; Shift Register Replacement - Allow Asynchronous Clear Signal     ; On                 ; On                 ;
; Pre-Mapping Resynthesis Optimization                             ; Off                ; Off                ;
; Analysis & Synthesis Message Level                               ; Medium             ; Medium             ;
; Disable Register Merging Across Hierarchies                      ; Auto               ; Auto               ;
; Resource Aware Inference For Block RAM                           ; On                 ; On                 ;
+------------------------------------------------------------------+--------------------+--------------------+


+------------------------------------------+
; Parallel Compilation                     ;
+----------------------------+-------------+
; Processors                 ; Number      ;
+----------------------------+-------------+
; Number detected on machine ; 24          ;
; Maximum allowed            ; 16          ;
;                            ;             ;
; Average used               ; 1.00        ;
; Maximum used               ; 16          ;
;                            ;             ;
; Usage by Processor         ; % Time Used ;
;     Processor 1            ; 100.0%      ;
;     Processor 2            ;   0.0%      ;
;     Processors 3-16        ;   0.0%      ;
+----------------------------+-------------+


+-------------------------------------------------------------------------------------------------------------------------------------------------------------------------------+
; Analysis & Synthesis Source Files Read                                                                                                                                        ;
+----------------------------------+-----------------+------------------------------+---------------------------------------------------------------------------------+---------+
; File Name with User-Entered Path ; Used in Netlist ; File Type                    ; File Name with Absolute Path                                                    ; Library ;
+----------------------------------+-----------------+------------------------------+---------------------------------------------------------------------------------+---------+
; twodigit.sv                      ; yes             ; User SystemVerilog HDL File  ; /home/finlay/src/labs/d/d2/modelsim/cpu 2021/twodigit.sv                        ;         ;
; sevenseg.sv                      ; yes             ; User SystemVerilog HDL File  ; /home/finlay/src/labs/d/d2/modelsim/cpu 2021/sevenseg.sv                        ;         ;
; sequencer.sv                     ; yes             ; User SystemVerilog HDL File  ; /home/finlay/src/labs/d/d2/modelsim/cpu 2021/sequencer.sv                       ;         ;
; rom.sv                           ; yes             ; User SystemVerilog HDL File  ; /home/finlay/src/labs/d/d2/modelsim/cpu 2021/rom.sv                             ;         ;
; register.sv                      ; yes             ; User SystemVerilog HDL File  ; /home/finlay/src/labs/d/d2/modelsim/cpu 2021/register.sv                        ;         ;
; ram.sv                           ; yes             ; User SystemVerilog HDL File  ; /home/finlay/src/labs/d/d2/modelsim/cpu 2021/ram.sv                             ;         ;
; pc.sv                            ; yes             ; User SystemVerilog HDL File  ; /home/finlay/src/labs/d/d2/modelsim/cpu 2021/pc.sv                              ;         ;
; opcodes.h                        ; yes             ; User File                    ; /home/finlay/src/labs/d/d2/modelsim/cpu 2021/opcodes.h                          ;         ;
; ir.sv                            ; yes             ; User SystemVerilog HDL File  ; /home/finlay/src/labs/d/d2/modelsim/cpu 2021/ir.sv                              ;         ;
; cpu_3_sevenseg.sv                ; yes             ; User SystemVerilog HDL File  ; /home/finlay/src/labs/d/d2/modelsim/cpu 2021/cpu_3_sevenseg.sv                  ;         ;
; buffer.sv                        ; yes             ; User SystemVerilog HDL File  ; /home/finlay/src/labs/d/d2/modelsim/cpu 2021/buffer.sv                          ;         ;
; alu.sv                           ; yes             ; User SystemVerilog HDL File  ; /home/finlay/src/labs/d/d2/modelsim/cpu 2021/alu.sv                             ;         ;
; lpm_divide.tdf                   ; yes             ; Megafunction                 ; /home/finlay/intelFPGA/20.1/quartus/libraries/megafunctions/lpm_divide.tdf      ;         ;
; abs_divider.inc                  ; yes             ; Megafunction                 ; /home/finlay/intelFPGA/20.1/quartus/libraries/megafunctions/abs_divider.inc     ;         ;
; sign_div_unsign.inc              ; yes             ; Megafunction                 ; /home/finlay/intelFPGA/20.1/quartus/libraries/megafunctions/sign_div_unsign.inc ;         ;
; aglobal201.inc                   ; yes             ; Megafunction                 ; /home/finlay/intelFPGA/20.1/quartus/libraries/megafunctions/aglobal201.inc      ;         ;
; db/lpm_divide_akl.tdf            ; yes             ; Auto-Generated Megafunction  ; /home/finlay/src/labs/d/d2/modelsim/cpu 2021/db/lpm_divide_akl.tdf              ;         ;
; db/sign_div_unsign_9kh.tdf       ; yes             ; Auto-Generated Megafunction  ; /home/finlay/src/labs/d/d2/modelsim/cpu 2021/db/sign_div_unsign_9kh.tdf         ;         ;
; db/alt_u_div_see.tdf             ; yes             ; Auto-Generated Megafunction  ; /home/finlay/src/labs/d/d2/modelsim/cpu 2021/db/alt_u_div_see.tdf               ;         ;
; db/add_sub_t3c.tdf               ; yes             ; Auto-Generated Megafunction  ; /home/finlay/src/labs/d/d2/modelsim/cpu 2021/db/add_sub_t3c.tdf                 ;         ;
; db/add_sub_u3c.tdf               ; yes             ; Auto-Generated Megafunction  ; /home/finlay/src/labs/d/d2/modelsim/cpu 2021/db/add_sub_u3c.tdf                 ;         ;
; db/lpm_divide_7sl.tdf            ; yes             ; Auto-Generated Megafunction  ; /home/finlay/src/labs/d/d2/modelsim/cpu 2021/db/lpm_divide_7sl.tdf              ;         ;
+----------------------------------+-----------------+------------------------------+---------------------------------------------------------------------------------+---------+


+-----------------------------------------------------------+
; Analysis & Synthesis Resource Usage Summary               ;
+---------------------------------------------+-------------+
; Resource                                    ; Usage       ;
+---------------------------------------------+-------------+
; Estimated Total logic elements              ; 481         ;
;                                             ;             ;
; Total combinational functions               ; 313         ;
; Logic element usage by number of LUT inputs ;             ;
;     -- 4 input functions                    ; 208         ;
;     -- 3 input functions                    ; 56          ;
;     -- <=2 input functions                  ; 49          ;
;                                             ;             ;
; Logic elements by mode                      ;             ;
;     -- normal mode                          ; 279         ;
;     -- arithmetic mode                      ; 34          ;
;                                             ;             ;
; Total registers                             ; 193         ;
;     -- Dedicated logic registers            ; 193         ;
;     -- I/O registers                        ; 0           ;
;                                             ;             ;
; I/O pins                                    ; 32          ;
;                                             ;             ;
; Embedded Multiplier 9-bit elements          ; 0           ;
;                                             ;             ;
; Maximum fan-out node                        ; clock~input ;
; Maximum fan-out                             ; 193         ;
; Total fan-out                               ; 1805        ;
; Average fan-out                             ; 3.12        ;
+---------------------------------------------+-------------+


+-------------------------------------------------------------------------------------------------------------------------------------------------------------------------------------------------------------------------------------------------------------------------------------------------------------------------------------------------------------------+
; Analysis & Synthesis Resource Utilization by Entity                                                                                                                                                                                                                                                                                                               ;
+-------------------------------------------+---------------------+---------------------------+-------------+------------+--------------+---------+-----------+------+--------------+------------+-----------------------------------------------------------------------------------------------------------------------------+---------------------+--------------+
; Compilation Hierarchy Node                ; Combinational ALUTs ; Dedicated Logic Registers ; Memory Bits ; UFM Blocks ; DSP Elements ; DSP 9x9 ; DSP 18x18 ; Pins ; Virtual Pins ; ADC blocks ; Full Hierarchy Name                                                                                                         ; Entity Name         ; Library Name ;
+-------------------------------------------+---------------------+---------------------------+-------------+------------+--------------+---------+-----------+------+--------------+------------+-----------------------------------------------------------------------------------------------------------------------------+---------------------+--------------+
; |cpu_3_sevenseg                           ; 313 (0)             ; 193 (0)                   ; 0           ; 0          ; 0            ; 0       ; 0         ; 32   ; 0            ; 0          ; |cpu_3_sevenseg                                                                                                             ; cpu_3_sevenseg      ; work         ;
;    |alu:a1|                               ; 37 (37)             ; 8 (8)                     ; 0           ; 0          ; 0            ; 0       ; 0         ; 0    ; 0            ; 0          ; |cpu_3_sevenseg|alu:a1                                                                                                      ; alu                 ; work         ;
;    |buffer:b1|                            ; 23 (23)             ; 5 (5)                     ; 0           ; 0          ; 0            ; 0       ; 0         ; 0    ; 0            ; 0          ; |cpu_3_sevenseg|buffer:b1                                                                                                   ; buffer              ; work         ;
;    |ir:i1|                                ; 9 (9)               ; 8 (8)                     ; 0           ; 0          ; 0            ; 0       ; 0         ; 0    ; 0            ; 0          ; |cpu_3_sevenseg|ir:i1                                                                                                       ; ir                  ; work         ;
;    |pc:p1|                                ; 5 (5)               ; 5 (5)                     ; 0           ; 0          ; 0            ; 0       ; 0         ; 0    ; 0            ; 0          ; |cpu_3_sevenseg|pc:p1                                                                                                       ; pc                  ; work         ;
;    |ram:r1|                               ; 124 (124)           ; 141 (141)                 ; 0           ; 0          ; 0            ; 0       ; 0         ; 0    ; 0            ; 0          ; |cpu_3_sevenseg|ram:r1                                                                                                      ; ram                 ; work         ;
;    |register:r3|                          ; 4 (4)               ; 17 (17)                   ; 0           ; 0          ; 0            ; 0       ; 0         ; 0    ; 0            ; 0          ; |cpu_3_sevenseg|register:r3                                                                                                 ; register            ; work         ;
;    |rom:r2|                               ; 7 (7)               ; 5 (5)                     ; 0           ; 0          ; 0            ; 0       ; 0         ; 0    ; 0            ; 0          ; |cpu_3_sevenseg|rom:r2                                                                                                      ; rom                 ; work         ;
;    |sequencer:s1|                         ; 27 (27)             ; 4 (4)                     ; 0           ; 0          ; 0            ; 0       ; 0         ; 0    ; 0            ; 0          ; |cpu_3_sevenseg|sequencer:s1                                                                                                ; sequencer           ; work         ;
;    |twodigit:d0|                          ; 77 (0)              ; 0 (0)                     ; 0           ; 0          ; 0            ; 0       ; 0         ; 0    ; 0            ; 0          ; |cpu_3_sevenseg|twodigit:d0                                                                                                 ; twodigit            ; work         ;
;       |lpm_divide:Div0|                   ; 30 (0)              ; 0 (0)                     ; 0           ; 0          ; 0            ; 0       ; 0         ; 0    ; 0            ; 0          ; |cpu_3_sevenseg|twodigit:d0|lpm_divide:Div0                                                                                 ; lpm_divide          ; work         ;
;          |lpm_divide_7sl:auto_generated|  ; 30 (0)              ; 0 (0)                     ; 0           ; 0          ; 0            ; 0       ; 0         ; 0    ; 0            ; 0          ; |cpu_3_sevenseg|twodigit:d0|lpm_divide:Div0|lpm_divide_7sl:auto_generated                                                   ; lpm_divide_7sl      ; work         ;
;             |sign_div_unsign_9kh:divider| ; 30 (0)              ; 0 (0)                     ; 0           ; 0          ; 0            ; 0       ; 0         ; 0    ; 0            ; 0          ; |cpu_3_sevenseg|twodigit:d0|lpm_divide:Div0|lpm_divide_7sl:auto_generated|sign_div_unsign_9kh:divider                       ; sign_div_unsign_9kh ; work         ;
;                |alt_u_div_see:divider|    ; 30 (30)             ; 0 (0)                     ; 0           ; 0          ; 0            ; 0       ; 0         ; 0    ; 0            ; 0          ; |cpu_3_sevenseg|twodigit:d0|lpm_divide:Div0|lpm_divide_7sl:auto_generated|sign_div_unsign_9kh:divider|alt_u_div_see:divider ; alt_u_div_see       ; work         ;
;       |lpm_divide:Mod0|                   ; 33 (0)              ; 0 (0)                     ; 0           ; 0          ; 0            ; 0       ; 0         ; 0    ; 0            ; 0          ; |cpu_3_sevenseg|twodigit:d0|lpm_divide:Mod0                                                                                 ; lpm_divide          ; work         ;
;          |lpm_divide_akl:auto_generated|  ; 33 (0)              ; 0 (0)                     ; 0           ; 0          ; 0            ; 0       ; 0         ; 0    ; 0            ; 0          ; |cpu_3_sevenseg|twodigit:d0|lpm_divide:Mod0|lpm_divide_akl:auto_generated                                                   ; lpm_divide_akl      ; work         ;
;             |sign_div_unsign_9kh:divider| ; 33 (0)              ; 0 (0)                     ; 0           ; 0          ; 0            ; 0       ; 0         ; 0    ; 0            ; 0          ; |cpu_3_sevenseg|twodigit:d0|lpm_divide:Mod0|lpm_divide_akl:auto_generated|sign_div_unsign_9kh:divider                       ; sign_div_unsign_9kh ; work         ;
;                |alt_u_div_see:divider|    ; 33 (33)             ; 0 (0)                     ; 0           ; 0          ; 0            ; 0       ; 0         ; 0    ; 0            ; 0          ; |cpu_3_sevenseg|twodigit:d0|lpm_divide:Mod0|lpm_divide_akl:auto_generated|sign_div_unsign_9kh:divider|alt_u_div_see:divider ; alt_u_div_see       ; work         ;
;       |sevenseg:s0|                       ; 7 (7)               ; 0 (0)                     ; 0           ; 0          ; 0            ; 0       ; 0         ; 0    ; 0            ; 0          ; |cpu_3_sevenseg|twodigit:d0|sevenseg:s0                                                                                     ; sevenseg            ; work         ;
;       |sevenseg:s1|                       ; 7 (7)               ; 0 (0)                     ; 0           ; 0          ; 0            ; 0       ; 0         ; 0    ; 0            ; 0          ; |cpu_3_sevenseg|twodigit:d0|sevenseg:s1                                                                                     ; sevenseg            ; work         ;
+-------------------------------------------+---------------------+---------------------------+-------------+------------+--------------+---------+-----------+------+--------------+------------+-----------------------------------------------------------------------------------------------------------------------------+---------------------+--------------+
Note: For table entries with two numbers listed, the numbers in parentheses indicate the number of resources of the given type used by the specific entity alone. The numbers listed outside of parentheses indicate the total resources of the given type used by the specific entity and all of its sub-entities in the hierarchy.


+---------------------------------------------------------------------------------+
; Registers Removed During Synthesis                                              ;
+----------------------------------------+----------------------------------------+
; Register name                          ; Reason for Removal                     ;
+----------------------------------------+----------------------------------------+
; sequencer:s1|Present_State[4..31]      ; Stuck at GND due to stuck port data_in ;
; Total Number of Removed Registers = 28 ;                                        ;
+----------------------------------------+----------------------------------------+


+------------------------------------------------------+
; General Register Statistics                          ;
+----------------------------------------------+-------+
; Statistic                                    ; Value ;
+----------------------------------------------+-------+
; Total registers                              ; 193   ;
; Number of registers using Synchronous Clear  ; 0     ;
; Number of registers using Synchronous Load   ; 5     ;
; Number of registers using Asynchronous Clear ; 65    ;
; Number of registers using Asynchronous Load  ; 0     ;
; Number of registers using Clock Enable       ; 189   ;
; Number of registers using Preset             ; 0     ;
+----------------------------------------------+-------+


+---------------------------------------------------------------------------------------------------------------------------------------------+
; Multiplexer Restructuring Statistics (Restructuring Performed)                                                                              ;
+--------------------+-----------+---------------+----------------------+------------------------+------------+-------------------------------+
; Multiplexer Inputs ; Bus Width ; Baseline Area ; Area if Restructured ; Saving if Restructured ; Registered ; Example Multiplexer Output    ;
+--------------------+-----------+---------------+----------------------+------------------------+------------+-------------------------------+
; 3:1                ; 8 bits    ; 16 LEs        ; 16 LEs               ; 0 LEs                  ; Yes        ; |cpu_3_sevenseg|ram:r1|mdr[3] ;
; 4:1                ; 8 bits    ; 16 LEs        ; 16 LEs               ; 0 LEs                  ; Yes        ; |cpu_3_sevenseg|alu:a1|acc[0] ;
+--------------------+-----------+---------------+----------------------+------------------------+------------+-------------------------------+


+--------------------------------------------------------------------------------+
; Parameter Settings for User Entity Instance: Top-level Entity: |cpu_3_sevenseg ;
+----------------+-------+-------------------------------------------------------+
; Parameter Name ; Value ; Type                                                  ;
+----------------+-------+-------------------------------------------------------+
; WORD_W         ; 8     ; Signed Integer                                        ;
; OP_W           ; 3     ; Signed Integer                                        ;
+----------------+-------+-------------------------------------------------------+
Note: In order to hide this table in the UI and the text report file, please set the "Show Parameter Settings in Synthesis Report" option in "Analysis and Synthesis Settings -> More Settings" to "Off".


+----------------------------------------------------------+
; Parameter Settings for User Entity Instance: register:r3 ;
+----------------+-------+---------------------------------+
; Parameter Name ; Value ; Type                            ;
+----------------+-------+---------------------------------+
; WORD_W         ; 8     ; Signed Integer                  ;
; OP_W           ; 3     ; Signed Integer                  ;
+----------------+-------+---------------------------------+
Note: In order to hide this table in the UI and the text report file, please set the "Show Parameter Settings in Synthesis Report" option in "Analysis and Synthesis Settings -> More Settings" to "Off".


+--------------------------------------------------------+
; Parameter Settings for User Entity Instance: buffer:b1 ;
+----------------+-------+-------------------------------+
; Parameter Name ; Value ; Type                          ;
+----------------+-------+-------------------------------+
; WORD_W         ; 8     ; Signed Integer                ;
; OP_W           ; 3     ; Signed Integer                ;
+----------------+-------+-------------------------------+
Note: In order to hide this table in the UI and the text report file, please set the "Show Parameter Settings in Synthesis Report" option in "Analysis and Synthesis Settings -> More Settings" to "Off".


+-----------------------------------------------------------+
; Parameter Settings for User Entity Instance: sequencer:s1 ;
+----------------+-------+----------------------------------+
; Parameter Name ; Value ; Type                             ;
+----------------+-------+----------------------------------+
; WORD_W         ; 8     ; Signed Integer                   ;
; OP_W           ; 3     ; Signed Integer                   ;
+----------------+-------+----------------------------------+
Note: In order to hide this table in the UI and the text report file, please set the "Show Parameter Settings in Synthesis Report" option in "Analysis and Synthesis Settings -> More Settings" to "Off".


+----------------------------------------------------+
; Parameter Settings for User Entity Instance: ir:i1 ;
+----------------+-------+---------------------------+
; Parameter Name ; Value ; Type                      ;
+----------------+-------+---------------------------+
; WORD_W         ; 8     ; Signed Integer            ;
; OP_W           ; 3     ; Signed Integer            ;
+----------------+-------+---------------------------+
Note: In order to hide this table in the UI and the text report file, please set the "Show Parameter Settings in Synthesis Report" option in "Analysis and Synthesis Settings -> More Settings" to "Off".


+----------------------------------------------------+
; Parameter Settings for User Entity Instance: pc:p1 ;
+----------------+-------+---------------------------+
; Parameter Name ; Value ; Type                      ;
+----------------+-------+---------------------------+
; WORD_W         ; 8     ; Signed Integer            ;
; OP_W           ; 3     ; Signed Integer            ;
+----------------+-------+---------------------------+
Note: In order to hide this table in the UI and the text report file, please set the "Show Parameter Settings in Synthesis Report" option in "Analysis and Synthesis Settings -> More Settings" to "Off".


+-----------------------------------------------------+
; Parameter Settings for User Entity Instance: alu:a1 ;
+----------------+-------+----------------------------+
; Parameter Name ; Value ; Type                       ;
+----------------+-------+----------------------------+
; WORD_W         ; 8     ; Signed Integer             ;
; OP_W           ; 3     ; Signed Integer             ;
+----------------+-------+----------------------------+
Note: In order to hide this table in the UI and the text report file, please set the "Show Parameter Settings in Synthesis Report" option in "Analysis and Synthesis Settings -> More Settings" to "Off".


+-----------------------------------------------------+
; Parameter Settings for User Entity Instance: ram:r1 ;
+----------------+-------+----------------------------+
; Parameter Name ; Value ; Type                       ;
+----------------+-------+----------------------------+
; WORD_W         ; 8     ; Signed Integer             ;
; OP_W           ; 3     ; Signed Integer             ;
+----------------+-------+----------------------------+
Note: In order to hide this table in the UI and the text report file, please set the "Show Parameter Settings in Synthesis Report" option in "Analysis and Synthesis Settings -> More Settings" to "Off".


+-----------------------------------------------------+
; Parameter Settings for User Entity Instance: rom:r2 ;
+----------------+-------+----------------------------+
; Parameter Name ; Value ; Type                       ;
+----------------+-------+----------------------------+
; WORD_W         ; 8     ; Signed Integer             ;
; OP_W           ; 3     ; Signed Integer             ;
+----------------+-------+----------------------------+
Note: In order to hide this table in the UI and the text report file, please set the "Show Parameter Settings in Synthesis Report" option in "Analysis and Synthesis Settings -> More Settings" to "Off".


+------------------------------------------------------------------------------+
; Parameter Settings for Inferred Entity Instance: twodigit:d0|lpm_divide:Mod0 ;
+------------------------+----------------+------------------------------------+
; Parameter Name         ; Value          ; Type                               ;
+------------------------+----------------+------------------------------------+
; LPM_WIDTHN             ; 6              ; Untyped                            ;
; LPM_WIDTHD             ; 4              ; Untyped                            ;
; LPM_NREPRESENTATION    ; UNSIGNED       ; Untyped                            ;
; LPM_DREPRESENTATION    ; UNSIGNED       ; Untyped                            ;
; LPM_PIPELINE           ; 0              ; Untyped                            ;
; LPM_REMAINDERPOSITIVE  ; TRUE           ; Untyped                            ;
; MAXIMIZE_SPEED         ; 5              ; Untyped                            ;
; CBXI_PARAMETER         ; lpm_divide_akl ; Untyped                            ;
; CARRY_CHAIN            ; MANUAL         ; Untyped                            ;
; OPTIMIZE_FOR_SPEED     ; 5              ; Untyped                            ;
; AUTO_CARRY_CHAINS      ; ON             ; AUTO_CARRY                         ;
; IGNORE_CARRY_BUFFERS   ; OFF            ; IGNORE_CARRY                       ;
; AUTO_CASCADE_CHAINS    ; ON             ; AUTO_CASCADE                       ;
; IGNORE_CASCADE_BUFFERS ; OFF            ; IGNORE_CASCADE                     ;
+------------------------+----------------+------------------------------------+
Note: In order to hide this table in the UI and the text report file, please set the "Show Parameter Settings in Synthesis Report" option in "Analysis and Synthesis Settings -> More Settings" to "Off".


+------------------------------------------------------------------------------+
; Parameter Settings for Inferred Entity Instance: twodigit:d0|lpm_divide:Div0 ;
+------------------------+----------------+------------------------------------+
; Parameter Name         ; Value          ; Type                               ;
+------------------------+----------------+------------------------------------+
; LPM_WIDTHN             ; 6              ; Untyped                            ;
; LPM_WIDTHD             ; 4              ; Untyped                            ;
; LPM_NREPRESENTATION    ; UNSIGNED       ; Untyped                            ;
; LPM_DREPRESENTATION    ; UNSIGNED       ; Untyped                            ;
; LPM_PIPELINE           ; 0              ; Untyped                            ;
; LPM_REMAINDERPOSITIVE  ; TRUE           ; Untyped                            ;
; MAXIMIZE_SPEED         ; 5              ; Untyped                            ;
; CBXI_PARAMETER         ; lpm_divide_7sl ; Untyped                            ;
; CARRY_CHAIN            ; MANUAL         ; Untyped                            ;
; OPTIMIZE_FOR_SPEED     ; 5              ; Untyped                            ;
; AUTO_CARRY_CHAINS      ; ON             ; AUTO_CARRY                         ;
; IGNORE_CARRY_BUFFERS   ; OFF            ; IGNORE_CARRY                       ;
; AUTO_CASCADE_CHAINS    ; ON             ; AUTO_CASCADE                       ;
; IGNORE_CASCADE_BUFFERS ; OFF            ; IGNORE_CASCADE                     ;
+------------------------+----------------+------------------------------------+
Note: In order to hide this table in the UI and the text report file, please set the "Show Parameter Settings in Synthesis Report" option in "Analysis and Synthesis Settings -> More Settings" to "Off".


+---------------------------------------------------------------------------------------------------------------------------------------------------------------------------------------------------------------+
; Port Connectivity Checks: "twodigit:d0"                                                                                                                                                                       ;
+---------+-------+----------+----------------------------------------------------------------------------------------------------------------------------------------------------------------------------------+
; Port    ; Type  ; Severity ; Details                                                                                                                                                                          ;
+---------+-------+----------+----------------------------------------------------------------------------------------------------------------------------------------------------------------------------------+
; address ; Input ; Warning  ; Input port expression (8 bits) is wider than the input port (6 bits) it drives.  The 2 most-significant bit(s) in the expression will be dangling if they have no other fanouts. ;
+---------+-------+----------+----------------------------------------------------------------------------------------------------------------------------------------------------------------------------------+


+-----------------------------------------------------+
; Post-Synthesis Netlist Statistics for Top Partition ;
+-----------------------+-----------------------------+
; Type                  ; Count                       ;
+-----------------------+-----------------------------+
; boundary_port         ; 32                          ;
; cycloneiii_ff         ; 193                         ;
;     CLR               ; 4                           ;
;     ENA               ; 128                         ;
;     ENA CLR           ; 56                          ;
;     ENA CLR SLD       ; 5                           ;
; cycloneiii_io_obuf    ; 8                           ;
; cycloneiii_lcell_comb ; 315                         ;
;     arith             ; 34                          ;
;         2 data inputs ; 10                          ;
;         3 data inputs ; 24                          ;
;     normal            ; 281                         ;
;         0 data inputs ; 6                           ;
;         1 data inputs ; 3                           ;
;         2 data inputs ; 32                          ;
;         3 data inputs ; 32                          ;
;         4 data inputs ; 208                         ;
;                       ;                             ;
; Max LUT depth         ; 9.10                        ;
; Average LUT depth     ; 4.41                        ;
+-----------------------+-----------------------------+


+-------------------------------+
; Elapsed Time Per Partition    ;
+----------------+--------------+
; Partition Name ; Elapsed Time ;
+----------------+--------------+
; Top            ; 00:00:00     ;
+----------------+--------------+


+-------------------------------+
; Analysis & Synthesis Messages ;
+-------------------------------+
Info: *******************************************************************
Info: Running Quartus Prime Analysis & Synthesis
    Info: Version 20.1.1 Build 720 11/11/2020 SJ Lite Edition
    Info: Processing started: Fri Jan 29 08:36:50 2021
Info: Command: quartus_map --read_settings_files=on --write_settings_files=off cpu_3_sevenseg -c cpu_3_sevenseg
Warning (18236): Number of processors has not been specified which may cause overloading on shared machines.  Set the global assignment NUM_PARALLEL_PROCESSORS in your QSF to an appropriate value for best performance.
Info (20030): Parallel compilation is enabled and will use 16 of the 24 processors detected
Info (12021): Found 1 design units, including 1 entities, in source file twodigit.sv
    Info (12023): Found entity 1: twodigit File: /home/finlay/src/labs/d/d2/modelsim/cpu 2021/twodigit.sv Line: 1
Info (12021): Found 1 design units, including 1 entities, in source file sevenseg.sv
    Info (12023): Found entity 1: sevenseg File: /home/finlay/src/labs/d/d2/modelsim/cpu 2021/sevenseg.sv Line: 1
Info (12021): Found 1 design units, including 1 entities, in source file sequencer.sv
    Info (12023): Found entity 1: sequencer File: /home/finlay/src/labs/d/d2/modelsim/cpu 2021/sequencer.sv Line: 23
Info (12021): Found 1 design units, including 1 entities, in source file rom.sv
    Info (12023): Found entity 1: rom File: /home/finlay/src/labs/d/d2/modelsim/cpu 2021/rom.sv Line: 23
Info (12021): Found 1 design units, including 1 entities, in source file register.sv
    Info (12023): Found entity 1: register File: /home/finlay/src/labs/d/d2/modelsim/cpu 2021/register.sv Line: 1
Info (12021): Found 1 design units, including 1 entities, in source file ram.sv
    Info (12023): Found entity 1: ram File: /home/finlay/src/labs/d/d2/modelsim/cpu 2021/ram.sv Line: 24
Info (12021): Found 1 design units, including 1 entities, in source file pc.sv
    Info (12023): Found entity 1: pc File: /home/finlay/src/labs/d/d2/modelsim/cpu 2021/pc.sv Line: 23
Info (12021): Found 1 design units, including 1 entities, in source file ir.sv
    Info (12023): Found entity 1: ir File: /home/finlay/src/labs/d/d2/modelsim/cpu 2021/ir.sv Line: 23
Info (12021): Found 1 design units, including 1 entities, in source file cpu_3_sevenseg.sv
    Info (12023): Found entity 1: cpu_3_sevenseg File: /home/finlay/src/labs/d/d2/modelsim/cpu 2021/cpu_3_sevenseg.sv Line: 25
Info (12021): Found 1 design units, including 1 entities, in source file buffer.sv
    Info (12023): Found entity 1: buffer File: /home/finlay/src/labs/d/d2/modelsim/cpu 2021/buffer.sv Line: 1
Info (12021): Found 1 design units, including 1 entities, in source file alu.sv
    Info (12023): Found entity 1: alu File: /home/finlay/src/labs/d/d2/modelsim/cpu 2021/alu.sv Line: 23
Info (12127): Elaborating entity "cpu_3_sevenseg" for the top level hierarchy
Info (12128): Elaborating entity "twodigit" for hierarchy "twodigit:d0" File: /home/finlay/src/labs/d/d2/modelsim/cpu 2021/cpu_3_sevenseg.sv Line: 39
Warning (10230): Verilog HDL assignment warning at twodigit.sv(11): truncated value with size 32 to match size of target (4) File: /home/finlay/src/labs/d/d2/modelsim/cpu 2021/twodigit.sv Line: 11
Warning (10230): Verilog HDL assignment warning at twodigit.sv(12): truncated value with size 32 to match size of target (4) File: /home/finlay/src/labs/d/d2/modelsim/cpu 2021/twodigit.sv Line: 12
Info (12128): Elaborating entity "sevenseg" for hierarchy "twodigit:d0|sevenseg:s0" File: /home/finlay/src/labs/d/d2/modelsim/cpu 2021/twodigit.sv Line: 6
Info (12128): Elaborating entity "register" for hierarchy "register:r3" File: /home/finlay/src/labs/d/d2/modelsim/cpu 2021/cpu_3_sevenseg.sv Line: 41
Info (12128): Elaborating entity "buffer" for hierarchy "buffer:b1" File: /home/finlay/src/labs/d/d2/modelsim/cpu 2021/cpu_3_sevenseg.sv Line: 43
Info (12128): Elaborating entity "sequencer" for hierarchy "sequencer:s1" File: /home/finlay/src/labs/d/d2/modelsim/cpu 2021/cpu_3_sevenseg.sv Line: 45
Info (12128): Elaborating entity "ir" for hierarchy "ir:i1" File: /home/finlay/src/labs/d/d2/modelsim/cpu 2021/cpu_3_sevenseg.sv Line: 47
Info (12128): Elaborating entity "pc" for hierarchy "pc:p1" File: /home/finlay/src/labs/d/d2/modelsim/cpu 2021/cpu_3_sevenseg.sv Line: 49
Warning (10230): Verilog HDL assignment warning at pc.sv(38): truncated value with size 32 to match size of target (5) File: /home/finlay/src/labs/d/d2/modelsim/cpu 2021/pc.sv Line: 38
Warning (10230): Verilog HDL assignment warning at pc.sv(40): truncated value with size 8 to match size of target (5) File: /home/finlay/src/labs/d/d2/modelsim/cpu 2021/pc.sv Line: 40
Info (12128): Elaborating entity "alu" for hierarchy "alu:a1" File: /home/finlay/src/labs/d/d2/modelsim/cpu 2021/cpu_3_sevenseg.sv Line: 51
Info (12128): Elaborating entity "ram" for hierarchy "ram:r1" File: /home/finlay/src/labs/d/d2/modelsim/cpu 2021/cpu_3_sevenseg.sv Line: 53
Info (12128): Elaborating entity "rom" for hierarchy "rom:r2" File: /home/finlay/src/labs/d/d2/modelsim/cpu 2021/cpu_3_sevenseg.sv Line: 55
Info (276014): Found 1 instances of uninferred RAM logic
    Info (276007): RAM logic "ram:r1|mem" is uninferred due to asynchronous read logic File: /home/finlay/src/labs/d/d2/modelsim/cpu 2021/ram.sv Line: 30
Info (278001): Inferred 2 megafunctions from design logic
    Info (278004): Inferred divider/modulo megafunction ("lpm_divide") from the following logic: "twodigit:d0|Mod0" File: /home/finlay/src/labs/d/d2/modelsim/cpu 2021/twodigit.sv Line: 11
    Info (278004): Inferred divider/modulo megafunction ("lpm_divide") from the following logic: "twodigit:d0|Div0" File: /home/finlay/src/labs/d/d2/modelsim/cpu 2021/twodigit.sv Line: 12
Info (12130): Elaborated megafunction instantiation "twodigit:d0|lpm_divide:Mod0" File: /home/finlay/src/labs/d/d2/modelsim/cpu 2021/twodigit.sv Line: 11
Info (12133): Instantiated megafunction "twodigit:d0|lpm_divide:Mod0" with the following parameter: File: /home/finlay/src/labs/d/d2/modelsim/cpu 2021/twodigit.sv Line: 11
    Info (12134): Parameter "LPM_WIDTHN" = "6"
    Info (12134): Parameter "LPM_WIDTHD" = "4"
    Info (12134): Parameter "LPM_NREPRESENTATION" = "UNSIGNED"
    Info (12134): Parameter "LPM_DREPRESENTATION" = "UNSIGNED"
Info (12021): Found 1 design units, including 1 entities, in source file db/lpm_divide_akl.tdf
    Info (12023): Found entity 1: lpm_divide_akl File: /home/finlay/src/labs/d/d2/modelsim/cpu 2021/db/lpm_divide_akl.tdf Line: 25
Info (12021): Found 1 design units, including 1 entities, in source file db/sign_div_unsign_9kh.tdf
    Info (12023): Found entity 1: sign_div_unsign_9kh File: /home/finlay/src/labs/d/d2/modelsim/cpu 2021/db/sign_div_unsign_9kh.tdf Line: 25
Info (12021): Found 1 design units, including 1 entities, in source file db/alt_u_div_see.tdf
    Info (12023): Found entity 1: alt_u_div_see File: /home/finlay/src/labs/d/d2/modelsim/cpu 2021/db/alt_u_div_see.tdf Line: 27
Info (12021): Found 1 design units, including 1 entities, in source file db/add_sub_t3c.tdf
    Info (12023): Found entity 1: add_sub_t3c File: /home/finlay/src/labs/d/d2/modelsim/cpu 2021/db/add_sub_t3c.tdf Line: 23
Info (12021): Found 1 design units, including 1 entities, in source file db/add_sub_u3c.tdf
    Info (12023): Found entity 1: add_sub_u3c File: /home/finlay/src/labs/d/d2/modelsim/cpu 2021/db/add_sub_u3c.tdf Line: 23
Info (12130): Elaborated megafunction instantiation "twodigit:d0|lpm_divide:Div0" File: /home/finlay/src/labs/d/d2/modelsim/cpu 2021/twodigit.sv Line: 12
Info (12133): Instantiated megafunction "twodigit:d0|lpm_divide:Div0" with the following parameter: File: /home/finlay/src/labs/d/d2/modelsim/cpu 2021/twodigit.sv Line: 12
    Info (12134): Parameter "LPM_WIDTHN" = "6"
    Info (12134): Parameter "LPM_WIDTHD" = "4"
    Info (12134): Parameter "LPM_NREPRESENTATION" = "UNSIGNED"
    Info (12134): Parameter "LPM_DREPRESENTATION" = "UNSIGNED"
Info (12021): Found 1 design units, including 1 entities, in source file db/lpm_divide_7sl.tdf
    Info (12023): Found entity 1: lpm_divide_7sl File: /home/finlay/src/labs/d/d2/modelsim/cpu 2021/db/lpm_divide_7sl.tdf Line: 25
Warning (12241): 1 hierarchies have connectivity warnings - see the Connectivity Checks report folder
Info (286030): Timing-Driven Synthesis is running
Info (16010): Generating hard_block partition "hard_block:auto_generated_inst"
    Info (16011): Adding 0 node(s), including 0 DDIO, 0 PLL, 0 transceiver and 0 LCELL
Info (21057): Implemented 513 device resources after synthesis - the final resource count might be different
    Info (21058): Implemented 10 input pins
    Info (21059): Implemented 14 output pins
    Info (21060): Implemented 8 bidirectional pins
    Info (21061): Implemented 481 logic cells
Info: Quartus Prime Analysis & Synthesis was successful. 0 errors, 6 warnings
    Info: Peak virtual memory: 526 megabytes
    Info: Processing ended: Fri Jan 29 08:36:56 2021
    Info: Elapsed time: 00:00:06
    Info: Total CPU time (on all processors): 00:00:16


